-- -*- M2-comint -*- hash: -474739601

i1 : f = example 7;

o1 : SpecialRationalMap (birational map from hypersurface in PP^5 to 4-dimensional subvariety of PP^8)

i2 : S = specialBaseLocus f;

                 ZZ
o2 : Ideal of --------[x ..x ]
              10000019  0   5

i3 : D = randomQuinticDelPezzoSurfaceIntersectingTheSpecialBaseLocusOfExample7AlongADegree10EGenus6Curve();

                 ZZ
o3 : Ideal of --------[x ..x ]
              10000019  0   5

i4 : ?D

o4 = smooth surface of degree 5 and sectional genus 1 in PP^5 cut out by 5
     hypersurfaces of degree 2

i5 : (codim(D+S), degree(D+S))

o5 = (4, 10)

o5 : Sequence

i6 : Q = (extend f) D,; degree Q

o7 = 2

i8 : 
